openBatterySaver/build/outputs/logs/manifest-merger-debug-report.txt
-- Merging decision tree log ---
manifest
ADDED from src/main/AndroidManifest.xml:17:1-158:12
INJECTED from src/main/AndroidManifest.xml:17:1-158:12
INJECTED from src/main/AndroidManifest.xml:17:1-158:12
INJECTED from src/main/AndroidManifest.xml:17:1-158:12
INJECTED from src/main/AndroidManifest.xml:17:1-158:12
INJECTED from src/main/AndroidManifest.xml:17:1-158:12
INJECTED from src/main/AndroidManifest.xml:17:1-158:12
	package
		ADDED from src/main/AndroidManifest.xml:18:5-39
		INJECTED from src/main/AndroidManifest.xml
		INJECTED from src/main/AndroidManifest.xml
	android:versionName
		ADDED from src/main/AndroidManifest.xml:20:5-32
		INJECTED from src/main/AndroidManifest.xml
		INJECTED from src/main/AndroidManifest.xml
	xmlns:android
		ADDED from src/main/AndroidManifest.xml:17:11-69
	android:versionCode
		ADDED from src/main/AndroidManifest.xml:19:5-29
		INJECTED from src/main/AndroidManifest.xml
		INJECTED from src/main/AndroidManifest.xml
uses-sdk
ADDED from src/main/AndroidManifest.xml:22:5-24:41
INJECTED from src/main/AndroidManifest.xml:22:5-24:41
INJECTED from src/main/AndroidManifest.xml:22:5-24:41
INJECTED from src/main/AndroidManifest.xml:22:5-24:41
INJECTED from src/main/AndroidManifest.xml:22:5-24:41
	android:targetSdkVersion
		ADDED from src/main/AndroidManifest.xml:24:9-38
		INJECTED from src/main/AndroidManifest.xml
		INJECTED from src/main/AndroidManifest.xml
	android:minSdkVersion
		ADDED from src/main/AndroidManifest.xml:23:9-34
		INJECTED from src/main/AndroidManifest.xml
		INJECTED from src/main/AndroidManifest.xml
uses-permission#android.permission.RECEIVE_BOOT_COMPLETED
ADDED from src/main/AndroidManifest.xml:26:5-81
	android:name
		ADDED from src/main/AndroidManifest.xml:26:22-78
uses-permission#android.permission.WRITE_EXTERNAL_STORAGE
ADDED from src/main/AndroidManifest.xml:27:5-81
	android:name
		ADDED from src/main/AndroidManifest.xml:27:22-78
uses-permission#android.permission.WRITE_SETTINGS
ADDED from src/main/AndroidManifest.xml:28:5-73
	android:name
		ADDED from src/main/AndroidManifest.xml:28:22-70
uses-permission#android.permission.ACCESS_COARSE_LOCATION
ADDED from src/main/AndroidManifest.xml:29:5-81
	android:name
		ADDED from src/main/AndroidManifest.xml:29:22-78
uses-permission#android.permission.ACCESS_FINE_LOCATION
ADDED from src/main/AndroidManifest.xml:30:5-79
	android:name
		ADDED from src/main/AndroidManifest.xml:30:22-76
uses-permission#android.permission.ACCESS_LOCATION_EXTRA_COMMANDS
ADDED from src/main/AndroidManifest.xml:31:5-89
	android:name
		ADDED from src/main/AndroidManifest.xml:31:22-86
uses-permission#android.permission.ACCESS_MOCK_LOCATION
ADDED from src/main/AndroidManifest.xml:32:5-79
	android:name
		ADDED from src/main/AndroidManifest.xml:32:22-76
uses-permission#android.permission.GET_ACCOUNTS
ADDED from src/main/AndroidManifest.xml:33:5-71
	android:name
		ADDED from src/main/AndroidManifest.xml:33:22-68
uses-permission#android.permission.ACCESS_WIFI_STATE
ADDED from src/main/AndroidManifest.xml:34:5-76
	android:name
		ADDED from src/main/AndroidManifest.xml:34:22-73
uses-permission#android.permission.CHANGE_WIFI_STATE
ADDED from src/main/AndroidManifest.xml:35:5-76
	android:name
		ADDED from src/main/AndroidManifest.xml:35:22-73
uses-permission#android.permission.ACCESS_NETWORK_STATE
ADDED from src/main/AndroidManifest.xml:36:5-79
	android:name
		ADDED from src/main/AndroidManifest.xml:36:22-76
uses-permission#android.permission.CHANGE_NETWORK_STATE
ADDED from src/main/AndroidManifest.xml:37:5-79
	android:name
		ADDED from src/main/AndroidManifest.xml:37:22-76
uses-permission#android.permission.BLUETOOTH
ADDED from src/main/AndroidManifest.xml:38:5-68
	android:name
		ADDED from src/main/AndroidManifest.xml:38:22-65
uses-permission#android.permission.BLUETOOTH_ADMIN
ADDED from src/main/AndroidManifest.xml:39:5-74
	android:name
		ADDED from src/main/AndroidManifest.xml:39:22-71
uses-permission#android.permission.INTERNET
ADDED from src/main/AndroidManifest.xml:40:5-67
	android:name
		ADDED from src/main/AndroidManifest.xml:40:22-64
uses-permission#android.permission.WAKE_LOCK
ADDED from src/main/AndroidManifest.xml:41:5-68
	android:name
		ADDED from src/main/AndroidManifest.xml:41:22-65
uses-permission#android.permission.READ_PHONE_STATE
ADDED from src/main/AndroidManifest.xml:43:5-75
	android:name
		ADDED from src/main/AndroidManifest.xml:43:22-72
uses-permission#android.permission.GET_TASKS
ADDED from src/main/AndroidManifest.xml:44:5-68
	android:name
		ADDED from src/main/AndroidManifest.xml:44:22-65
uses-permission#android.permission.KILL_BACKGROUND_PROCESSES
ADDED from src/main/AndroidManifest.xml:45:5-84
	android:name
		ADDED from src/main/AndroidManifest.xml:45:22-81
application
ADDED from src/main/AndroidManifest.xml:47:5-156:19
	android:label
		ADDED from src/main/AndroidManifest.xml:51:9-41
	android:icon
		ADDED from src/main/AndroidManifest.xml:50:9-45
	android:allowBackup
		ADDED from src/main/AndroidManifest.xml:49:9-35
	android:theme
		ADDED from src/main/AndroidManifest.xml:52:9-35
	android:name
		ADDED from src/main/AndroidManifest.xml:48:9-64
provider#vn.cybersoft.obs.android.provider.DataProvider
ADDED from src/main/AndroidManifest.xml:53:9-57:20
	android:authorities
		ADDED from src/main/AndroidManifest.xml:55:13-59
	android:exported
		ADDED from src/main/AndroidManifest.xml:56:13-37
	android:name
		ADDED from src/main/AndroidManifest.xml:54:13-50
activity#vn.cybersoft.obs.android.activities.MainActivity
ADDED from src/main/AndroidManifest.xml:59:9-68:20
	android:label
		ADDED from src/main/AndroidManifest.xml:61:13-45
	android:launchMode
		ADDED from src/main/AndroidManifest.xml:62:13-48
	android:name
		ADDED from src/main/AndroidManifest.xml:60:13-76
intent-filter#android.intent.action.MAIN+android.intent.category.LAUNCHER
ADDED from src/main/AndroidManifest.xml:63:13-67:29
action#android.intent.action.MAIN
ADDED from src/main/AndroidManifest.xml:64:17-69
	android:name
		ADDED from src/main/AndroidManifest.xml:64:25-66
category#android.intent.category.LAUNCHER
ADDED from src/main/AndroidManifest.xml:66:17-77
	android:name
		ADDED from src/main/AndroidManifest.xml:66:27-74
receiver#vn.cybersoft.obs.android.receivers.TimeScheduleReceiver
ADDED from src/main/AndroidManifest.xml:70:9-76:20
	android:exported
		ADDED from src/main/AndroidManifest.xml:72:13-37
	android:name
		ADDED from src/main/AndroidManifest.xml:71:13-59
intent-filter#vn.cybersoft.obs.android.intent.action.EXECUTE_TIME_SCHEDULE
ADDED from src/main/AndroidManifest.xml:73:13-75:29
action#vn.cybersoft.obs.android.intent.action.EXECUTE_TIME_SCHEDULE
ADDED from src/main/AndroidManifest.xml:74:17-103
	android:name
		ADDED from src/main/AndroidManifest.xml:74:25-100
receiver#vn.cybersoft.obs.android.receivers.BatteryTraceReceiver
ADDED from src/main/AndroidManifest.xml:77:9-83:20
	android:exported
		ADDED from src/main/AndroidManifest.xml:79:13-37
	android:name
		ADDED from src/main/AndroidManifest.xml:78:13-59
intent-filter#vn.cybersoft.obs.android.intent.action.BATTERY_TRACE
ADDED from src/main/AndroidManifest.xml:80:13-82:29
action#vn.cybersoft.obs.android.intent.action.BATTERY_TRACE
ADDED from src/main/AndroidManifest.xml:81:17-95
	android:name
		ADDED from src/main/AndroidManifest.xml:81:25-92
receiver#vn.cybersoft.obs.android.receivers.TimeScheduleInitReceiver
ADDED from src/main/AndroidManifest.xml:84:9-91:20
	android:name
		ADDED from src/main/AndroidManifest.xml:84:19-69
intent-filter#android.intent.action.BOOT_COMPLETED+android.intent.action.LOCALE_CHANGED+android.intent.action.TIMEZONE_CHANGED+android.intent.action.TIME_SET
ADDED from src/main/AndroidManifest.xml:85:13-90:29
action#android.intent.action.BOOT_COMPLETED
ADDED from src/main/AndroidManifest.xml:86:17-79
	android:name
		ADDED from src/main/AndroidManifest.xml:86:25-76
action#android.intent.action.TIME_SET
ADDED from src/main/AndroidManifest.xml:87:17-73
	android:name
		ADDED from src/main/AndroidManifest.xml:87:25-70
action#android.intent.action.TIMEZONE_CHANGED
ADDED from src/main/AndroidManifest.xml:88:17-81
	android:name
		ADDED from src/main/AndroidManifest.xml:88:25-78
action#android.intent.action.LOCALE_CHANGED
ADDED from src/main/AndroidManifest.xml:89:17-79
	android:name
		ADDED from src/main/AndroidManifest.xml:89:25-76
receiver#vn.cybersoft.obs.android.receivers.BatteryChangeReceiver
ADDED from src/main/AndroidManifest.xml:92:9-96:20
	android:name
		ADDED from src/main/AndroidManifest.xml:92:19-66
intent-filter#android.intent.action.BATTERY_CHANGED
ADDED from src/main/AndroidManifest.xml:93:13-95:29
action#android.intent.action.BATTERY_CHANGED
ADDED from src/main/AndroidManifest.xml:94:17-80
	android:name
		ADDED from src/main/AndroidManifest.xml:94:25-77
service#vn.cybersoft.obs.android.services.NotificationService
ADDED from src/main/AndroidManifest.xml:98:9-65
	android:name
		ADDED from src/main/AndroidManifest.xml:98:18-62
service#vn.cybersoft.obs.andriod.batterystats2.service.UMLoggerService
ADDED from src/main/AndroidManifest.xml:99:9-98
	android:name
		ADDED from src/main/AndroidManifest.xml:99:18-95
service#vn.cybersoft.obs.android.services.TimeScheduleExecutorService
ADDED from src/main/AndroidManifest.xml:100:9-106:19
	android:exported
		ADDED from src/main/AndroidManifest.xml:102:13-37
	android:name
		ADDED from src/main/AndroidManifest.xml:101:13-65
service#vn.cybersoft.obs.android.services.PowerScheduleExecutorService
ADDED from src/main/AndroidManifest.xml:107:9-113:19
	android:exported
		ADDED from src/main/AndroidManifest.xml:109:13-37
	android:name
		ADDED from src/main/AndroidManifest.xml:108:13-66
intent-filter#vn.cybersoft.obs.android.intent.action.EXECUTE_POWER_SCHEDULE
ADDED from src/main/AndroidManifest.xml:110:13-112:29
action#vn.cybersoft.obs.android.intent.action.EXECUTE_POWER_SCHEDULE
ADDED from src/main/AndroidManifest.xml:111:17-104
	android:name
		ADDED from src/main/AndroidManifest.xml:111:25-101
service#vn.cybersoft.obs.android.services.BatteryTraceService
ADDED from src/main/AndroidManifest.xml:114:9-120:19
	android:exported
		ADDED from src/main/AndroidManifest.xml:116:13-37
	android:name
		ADDED from src/main/AndroidManifest.xml:115:13-57
activity#vn.cybersoft.obs.android.activities.SwitchModeConfirmActivity
ADDED from src/main/AndroidManifest.xml:122:9-125:20
	android:theme
		ADDED from src/main/AndroidManifest.xml:124:13-51
	android:name
		ADDED from src/main/AndroidManifest.xml:123:13-89
activity#vn.cybersoft.obs.android.activities.TimeScheduleActivity
ADDED from src/main/AndroidManifest.xml:126:9-132:20
	android:name
		ADDED from src/main/AndroidManifest.xml:126:19-90
intent-filter#android.intent.category.DEFAULT+vn.cybersoft.obs.android.activities.ScheduleModeTimeActivity
ADDED from src/main/AndroidManifest.xml:127:13-131:29
action#vn.cybersoft.obs.android.activities.ScheduleModeTimeActivity
ADDED from src/main/AndroidManifest.xml:128:17-103
	android:name
		ADDED from src/main/AndroidManifest.xml:128:25-100
category#android.intent.category.DEFAULT
ADDED from src/main/AndroidManifest.xml:130:17-76
	android:name
		ADDED from src/main/AndroidManifest.xml:130:27-73
activity#vn.cybersoft.obs.android.activities.PowerScheduleActivity
ADDED from src/main/AndroidManifest.xml:133:9-139:20
	android:name
		ADDED from src/main/AndroidManifest.xml:133:19-91
intent-filter#android.intent.category.DEFAULT+vn.cybersoft.obs.android.activities.PowerScheduleActivity
ADDED from src/main/AndroidManifest.xml:134:13-138:29
action#vn.cybersoft.obs.android.activities.PowerScheduleActivity
ADDED from src/main/AndroidManifest.xml:135:17-100
	android:name
		ADDED from src/main/AndroidManifest.xml:135:25-97
activity#vn.cybersoft.obs.android.activities.SetPowerScheduleActivity
ADDED from src/main/AndroidManifest.xml:140:9-143:20
	android:configChanges
		ADDED from src/main/AndroidManifest.xml:142:13-83
	android:name
		ADDED from src/main/AndroidManifest.xml:141:13-64
activity#vn.cybersoft.obs.android.activities.SetTimeScheduleActivity
ADDED from src/main/AndroidManifest.xml:144:9-147:20
	android:configChanges
		ADDED from src/main/AndroidManifest.xml:146:13-83
	android:name
		ADDED from src/main/AndroidManifest.xml:145:13-63
activity#vn.cybersoft.obs.android.activities.SetOptimalModeActivity
ADDED from src/main/AndroidManifest.xml:148:9-152:20
	android:windowSoftInputMode
		ADDED from src/main/AndroidManifest.xml:151:13-54
	android:configChanges
		ADDED from src/main/AndroidManifest.xml:150:13-83
	android:name
		ADDED from src/main/AndroidManifest.xml:149:13-62
activity#vn.cybersoft.obs.android.activities.CleanerActivity
ADDED from src/main/AndroidManifest.xml:154:9-155:67
	android:name
		ADDED from src/main/AndroidManifest.xml:155:13-55